Logfile initialized
[INFO] logfile = C:\Users\bill gates\My Documents\Titanium Studio Workspace\SandBoxApp\build.log
[DEBUG] C:\Users\bill gates\AppData\Roaming\Titanium\mobilesdk\win32\2.0.1.GA2\android\builder.py simulator SandBoxApp D:\android-sdk-windows C:\Users\bill gates\My Documents\Titanium Studio Workspace\SandBoxApp org.box 7 HVGA
[INFO] Building SandBoxApp for Android ... one moment
[INFO] Titanium SDK version: 2.0.1 (04/12/12 16:33 999c68a)
[DEBUG] Waiting for device to be ready ...
[TRACE] adb devices returned 1 devices/emulators
[DEBUG] Device connected... (waited 0 seconds)
[DEBUG] waited 0.100000 seconds on emulator to get ready
[DEBUG] org.box installed? True
[INFO] Fastdev server running, deploying in Fastdev mode
[INFO] Copying CommonJS modules...
[INFO] Copying project resources..
[INFO] Detected change in tiapp.xml, or assets deleted. Forcing full re-build...
[TRACE] COPYING CREATED FILE: C:\Users\bill gates\My Documents\Titanium Studio Workspace\SandBoxApp\Resources\android\appicon.png => C:\Users\bill gates\My Documents\Titanium Studio Workspace\SandBoxApp\build\android\bin\assets\Resources\appicon.png
[TRACE] COPYING CREATED FILE: C:\Users\bill gates\My Documents\Titanium Studio Workspace\SandBoxApp\Resources\android\default.png => C:\Users\bill gates\My Documents\Titanium Studio Workspace\SandBoxApp\build\android\bin\assets\Resources\default.png
[TRACE] COPYING CREATED FILE: C:\Users\bill gates\My Documents\Titanium Studio Workspace\SandBoxApp\Resources\app.js => C:\Users\bill gates\My Documents\Titanium Studio Workspace\SandBoxApp\build\android\bin\assets\Resources\app.js
[TRACE] COPYING CREATED FILE: C:\Users\bill gates\My Documents\Titanium Studio Workspace\SandBoxApp\Resources\KS_nav_ui.png => C:\Users\bill gates\My Documents\Titanium Studio Workspace\SandBoxApp\build\android\bin\assets\Resources\KS_nav_ui.png
[TRACE] COPYING CREATED FILE: C:\Users\bill gates\My Documents\Titanium Studio Workspace\SandBoxApp\Resources\KS_nav_views.png => C:\Users\bill gates\My Documents\Titanium Studio Workspace\SandBoxApp\build\android\bin\assets\Resources\KS_nav_views.png
[TRACE] COPYING CREATED FILE: C:\Users\bill gates\My Documents\Titanium Studio Workspace\SandBoxApp\Resources\ui\common\backbutton.PNG => C:\Users\bill gates\My Documents\Titanium Studio Workspace\SandBoxApp\build\android\bin\assets\Resources\ui\common\backbutton.PNG
[TRACE] COPYING CREATED FILE: C:\Users\bill gates\My Documents\Titanium Studio Workspace\SandBoxApp\Resources\ui\common\cloud.js => C:\Users\bill gates\My Documents\Titanium Studio Workspace\SandBoxApp\build\android\bin\assets\Resources\ui\common\cloud.js
[TRACE] COPYING CREATED FILE: C:\Users\bill gates\My Documents\Titanium Studio Workspace\SandBoxApp\Resources\ui\common\facebook.js => C:\Users\bill gates\My Documents\Titanium Studio Workspace\SandBoxApp\build\android\bin\assets\Resources\ui\common\facebook.js
[TRACE] COPYING CREATED FILE: C:\Users\bill gates\My Documents\Titanium Studio Workspace\SandBoxApp\Resources\ui\common\FirstView.js => C:\Users\bill gates\My Documents\Titanium Studio Workspace\SandBoxApp\build\android\bin\assets\Resources\ui\common\FirstView.js
[TRACE] COPYING CREATED FILE: C:\Users\bill gates\My Documents\Titanium Studio Workspace\SandBoxApp\Resources\ui\common\home.js => C:\Users\bill gates\My Documents\Titanium Studio Workspace\SandBoxApp\build\android\bin\assets\Resources\ui\common\home.js
[TRACE] COPYING CREATED FILE: C:\Users\bill gates\My Documents\Titanium Studio Workspace\SandBoxApp\Resources\ui\common\rest.js => C:\Users\bill gates\My Documents\Titanium Studio Workspace\SandBoxApp\build\android\bin\assets\Resources\ui\common\rest.js
[TRACE] COPYING CREATED FILE: C:\Users\bill gates\My Documents\Titanium Studio Workspace\SandBoxApp\Resources\ui\common\setting.js => C:\Users\bill gates\My Documents\Titanium Studio Workspace\SandBoxApp\build\android\bin\assets\Resources\ui\common\setting.js
[TRACE] COPYING CREATED FILE: C:\Users\bill gates\My Documents\Titanium Studio Workspace\SandBoxApp\Resources\ui\common\signup.js => C:\Users\bill gates\My Documents\Titanium Studio Workspace\SandBoxApp\build\android\bin\assets\Resources\ui\common\signup.js
[TRACE] COPYING CREATED FILE: C:\Users\bill gates\My Documents\Titanium Studio Workspace\SandBoxApp\Resources\ui\common\twitter.js => C:\Users\bill gates\My Documents\Titanium Studio Workspace\SandBoxApp\build\android\bin\assets\Resources\ui\common\twitter.js
[TRACE] COPYING CREATED FILE: C:\Users\bill gates\My Documents\Titanium Studio Workspace\SandBoxApp\Resources\ui\handheld\android\ApplicationWindow.js => C:\Users\bill gates\My Documents\Titanium Studio Workspace\SandBoxApp\build\android\bin\assets\Resources\ui\handheld\android\ApplicationWindow.js
[TRACE] COPYING CREATED FILE: C:\Users\bill gates\My Documents\Titanium Studio Workspace\SandBoxApp\Resources\ui\handheld\ApplicationWindow.js => C:\Users\bill gates\My Documents\Titanium Studio Workspace\SandBoxApp\build\android\bin\assets\Resources\ui\handheld\ApplicationWindow.js
[TRACE] COPYING CREATED FILE: C:\Users\bill gates\My Documents\Titanium Studio Workspace\SandBoxApp\Resources\ui\tablet\ApplicationWindow.js => C:\Users\bill gates\My Documents\Titanium Studio Workspace\SandBoxApp\build\android\bin\assets\Resources\ui\tablet\ApplicationWindow.js
[TRACE] Generating Java Classes
[DEBUG] Processing Android resource drawables
[DEBUG] app stylesheet => C:\Users\bill gates\My Documents\Titanium Studio Workspace\SandBoxApp\build\android\gen\org\box\ApplicationStylesheet.java
[DEBUG] copying app icon: C:\Users\bill gates\My Documents\Titanium Studio Workspace\SandBoxApp\build\android\bin\assets\Resources\appicon.png
[DEBUG] generating theme.xml
[DEBUG] found drawable-long-land-hdpi splash screen at C:\Users\bill gates\My Documents\Titanium Studio Workspace\SandBoxApp\Resources\android\images\res-long-land-hdpi\default.png
[DEBUG] copying C:\Users\bill gates\My Documents\Titanium Studio Workspace\SandBoxApp\Resources\android\images\res-long-land-hdpi\default.png splash screen to C:\Users\bill gates\My Documents\Titanium Studio Workspace\SandBoxApp\build\android\res\drawable-long-land-hdpi\background.png
[DEBUG] found drawable-long-land-ldpi splash screen at C:\Users\bill gates\My Documents\Titanium Studio Workspace\SandBoxApp\Resources\android\images\res-long-land-ldpi\default.png
[DEBUG] copying C:\Users\bill gates\My Documents\Titanium Studio Workspace\SandBoxApp\Resources\android\images\res-long-land-ldpi\default.png splash screen to C:\Users\bill gates\My Documents\Titanium Studio Workspace\SandBoxApp\build\android\res\drawable-long-land-ldpi\background.png
[DEBUG] found drawable-long-port-hdpi splash screen at C:\Users\bill gates\My Documents\Titanium Studio Workspace\SandBoxApp\Resources\android\images\res-long-port-hdpi\default.png
[DEBUG] copying C:\Users\bill gates\My Documents\Titanium Studio Workspace\SandBoxApp\Resources\android\images\res-long-port-hdpi\default.png splash screen to C:\Users\bill gates\My Documents\Titanium Studio Workspace\SandBoxApp\build\android\res\drawable-long-port-hdpi\background.png
[DEBUG] found drawable-long-port-ldpi splash screen at C:\Users\bill gates\My Documents\Titanium Studio Workspace\SandBoxApp\Resources\android\images\res-long-port-ldpi\default.png
[DEBUG] copying C:\Users\bill gates\My Documents\Titanium Studio Workspace\SandBoxApp\Resources\android\images\res-long-port-ldpi\default.png splash screen to C:\Users\bill gates\My Documents\Titanium Studio Workspace\SandBoxApp\build\android\res\drawable-long-port-ldpi\background.png
[DEBUG] found drawable-notlong-land-hdpi splash screen at C:\Users\bill gates\My Documents\Titanium Studio Workspace\SandBoxApp\Resources\android\images\res-notlong-land-hdpi\default.png
[DEBUG] copying C:\Users\bill gates\My Documents\Titanium Studio Workspace\SandBoxApp\Resources\android\images\res-notlong-land-hdpi\default.png splash screen to C:\Users\bill gates\My Documents\Titanium Studio Workspace\SandBoxApp\build\android\res\drawable-notlong-land-hdpi\background.png
[DEBUG] found drawable-notlong-land-ldpi splash screen at C:\Users\bill gates\My Documents\Titanium Studio Workspace\SandBoxApp\Resources\android\images\res-notlong-land-ldpi\default.png
[DEBUG] copying C:\Users\bill gates\My Documents\Titanium Studio Workspace\SandBoxApp\Resources\android\images\res-notlong-land-ldpi\default.png splash screen to C:\Users\bill gates\My Documents\Titanium Studio Workspace\SandBoxApp\build\android\res\drawable-notlong-land-ldpi\background.png
[DEBUG] found drawable-notlong-land-mdpi splash screen at C:\Users\bill gates\My Documents\Titanium Studio Workspace\SandBoxApp\Resources\android\images\res-notlong-land-mdpi\default.png
[DEBUG] copying C:\Users\bill gates\My Documents\Titanium Studio Workspace\SandBoxApp\Resources\android\images\res-notlong-land-mdpi\default.png splash screen to C:\Users\bill gates\My Documents\Titanium Studio Workspace\SandBoxApp\build\android\res\drawable-notlong-land-mdpi\background.png
[DEBUG] found drawable-notlong-port-hdpi splash screen at C:\Users\bill gates\My Documents\Titanium Studio Workspace\SandBoxApp\Resources\android\images\res-notlong-port-hdpi\default.png
[DEBUG] copying C:\Users\bill gates\My Documents\Titanium Studio Workspace\SandBoxApp\Resources\android\images\res-notlong-port-hdpi\default.png splash screen to C:\Users\bill gates\My Documents\Titanium Studio Workspace\SandBoxApp\build\android\res\drawable-notlong-port-hdpi\background.png
[DEBUG] found drawable-notlong-port-ldpi splash screen at C:\Users\bill gates\My Documents\Titanium Studio Workspace\SandBoxApp\Resources\android\images\res-notlong-port-ldpi\default.png
[DEBUG] copying C:\Users\bill gates\My Documents\Titanium Studio Workspace\SandBoxApp\Resources\android\images\res-notlong-port-ldpi\default.png splash screen to C:\Users\bill gates\My Documents\Titanium Studio Workspace\SandBoxApp\build\android\res\drawable-notlong-port-ldpi\background.png
[DEBUG] found drawable-notlong-port-mdpi splash screen at C:\Users\bill gates\My Documents\Titanium Studio Workspace\SandBoxApp\Resources\android\images\res-notlong-port-mdpi\default.png
[DEBUG] copying C:\Users\bill gates\My Documents\Titanium Studio Workspace\SandBoxApp\Resources\android\images\res-notlong-port-mdpi\default.png splash screen to C:\Users\bill gates\My Documents\Titanium Studio Workspace\SandBoxApp\build\android\res\drawable-notlong-port-mdpi\background.png
[DEBUG] found splash screen at C:\Users\bill gates\My Documents\Titanium Studio Workspace\SandBoxApp\build\android\bin\assets\Resources\default.png
[TRACE] Writing out AndroidManifest.xml
[DEBUG] adding C:\Users\bill gates\My Documents\Titanium Studio Workspace\SandBoxApp\build\android\gen\org\box\ApplicationStylesheet.java to javac build list
[DEBUG] adding C:\Users\bill gates\My Documents\Titanium Studio Workspace\SandBoxApp\build\android\gen\org\box\R.java to javac build list
[DEBUG] adding C:\Users\bill gates\My Documents\Titanium Studio Workspace\SandBoxApp\build\android\gen\org\box\SandboxappActivity.java to javac build list
[DEBUG] adding C:\Users\bill gates\My Documents\Titanium Studio Workspace\SandBoxApp\build\android\gen\org\box\SandboxappAppInfo.java to javac build list
[DEBUG] adding C:\Users\bill gates\My Documents\Titanium Studio Workspace\SandBoxApp\build\android\gen\org\box\SandboxappApplication.java to javac build list
[DEBUG] Building Java Sources: "C:\\Users\\bill gates\\My Documents\\Titanium Studio Workspace\\SandBoxApp\\build\\android\\gen\\org\\box\\ApplicationStylesheet.java" "C:\\Users\\bill gates\\My Documents\\Titanium Studio Workspace\\SandBoxApp\\build\\android\\gen\\org\\box\\R.java" "C:\\Users\\bill gates\\My Documents\\Titanium Studio Workspace\\SandBoxApp\\build\\android\\gen\\org\\box\\SandboxappActivity.java" "C:\\Users\\bill gates\\My Documents\\Titanium Studio Workspace\\SandBoxApp\\build\\android\\gen\\org\\box\\SandboxappAppInfo.java" "C:\\Users\\bill gates\\My Documents\\Titanium Studio Workspace\\SandBoxApp\\build\\android\\gen\\org\\box\\SandboxappApplication.java"
[INFO] Waiting for SDCard to become available..
[INFO] Compiling Android Resources... This could take some time
[DEBUG] Android classes.dex built
[DEBUG] creating unsigned apk: C:\Users\bill gates\My Documents\Titanium Studio Workspace\SandBoxApp\build\android\bin\app-unsigned.apk
[DEBUG] from resource zip => assets/Resources/ui/common/FirstView.js
[DEBUG] from resource zip => assets/Resources/ui/common/backbutton.PNG
[DEBUG] from resource zip => assets/Resources/ui/common/cloud.js
[DEBUG] from resource zip => assets/Resources/ui/common/facebook.js
[DEBUG] from resource zip => assets/Resources/ui/common/home.js
[DEBUG] from resource zip => assets/Resources/ui/common/rest.js
[DEBUG] from resource zip => assets/Resources/ui/common/setting.js
[DEBUG] from resource zip => assets/Resources/ui/common/signup.js
[DEBUG] from resource zip => assets/Resources/ui/common/twitter.js
[DEBUG] from resource zip => assets/Resources/ui/handheld/android/ApplicationWindow.js
[DEBUG] from resource zip => assets/Resources/ui/handheld/ApplicationWindow.js
[DEBUG] from resource zip => assets/Resources/ui/tablet/ApplicationWindow.js
[DEBUG] from resource zip => assets/Resources/KS_nav_ui.png
[DEBUG] from resource zip => assets/Resources/KS_nav_views.png
[DEBUG] from resource zip => assets/Resources/app.js
[DEBUG] from resource zip => assets/Resources/appicon.png
[DEBUG] from resource zip => assets/Resources/default.png
[DEBUG] from resource zip => assets/Resources/ti.cloud.js
[DEBUG] from resource zip => assets/app.json
[DEBUG] from resource zip => assets/index.json
[DEBUG] from resource zip => assets/tiapp.xml
[DEBUG] from resource zip => res/drawable/appicon.png
[DEBUG] from resource zip => res/drawable/background.png
[DEBUG] from resource zip => res/drawable/close.png
[DEBUG] from resource zip => res/drawable/facebook_login.png
[DEBUG] from resource zip => res/drawable/facebook_login_down.png
[DEBUG] from resource zip => res/drawable/facebook_login_wide.png
[DEBUG] from resource zip => res/drawable/facebook_login_wide_down.png
[DEBUG] from resource zip => res/drawable/facebook_logout.png
[DEBUG] from resource zip => res/drawable/facebook_logout_down.png
[DEBUG] from resource zip => res/layout/titanium_tabgroup.xml
[DEBUG] from resource zip => AndroidManifest.xml
[DEBUG] from resource zip => resources.arsc
[DEBUG] from resource zip => res/drawable-hdpi/close.png
[DEBUG] from resource zip => res/drawable-ldpi/close.png
[DEBUG] from resource zip => res/drawable-long-land-hdpi/background.png
[DEBUG] from resource zip => res/drawable-long-land-ldpi/background.png
[DEBUG] from resource zip => res/drawable-long-port-hdpi/background.png
[DEBUG] from resource zip => res/drawable-long-port-ldpi/background.png
[DEBUG] from resource zip => res/drawable-notlong-land-hdpi/background.png
[DEBUG] from resource zip => res/drawable-notlong-land-ldpi/background.png
[DEBUG] from resource zip => res/drawable-notlong-land-mdpi/background.png
[DEBUG] from resource zip => res/drawable-notlong-port-hdpi/background.png
[DEBUG] from resource zip => res/drawable-notlong-port-ldpi/background.png
[DEBUG] from resource zip => res/drawable-notlong-port-mdpi/background.png
[DEBUG] from JAR C:\Users\bill gates\AppData\Roaming\Titanium\mobilesdk\win32\2.0.1.GA2\android\modules\titanium-facebook.jar => ti/modules/titanium/facebook/LICENSE
[DEBUG] from JAR C:\Users\bill gates\AppData\Roaming\Titanium\mobilesdk\win32\2.0.1.GA2\android\thirdparty.jar => org/apache/Commons-NOTICE.txt
[DEBUG] from JAR C:\Users\bill gates\AppData\Roaming\Titanium\mobilesdk\win32\2.0.1.GA2\android\thirdparty.jar => org/apache/HttpComponents-NOTICE.txt
[DEBUG] from JAR C:\Users\bill gates\AppData\Roaming\Titanium\mobilesdk\win32\2.0.1.GA2\android\thirdparty.jar => org/apache/mime4j-NOTICE.txt
[DEBUG] from JAR C:\Users\bill gates\AppData\Roaming\Titanium\mobilesdk\win32\2.0.1.GA2\android\titanium.jar => org/appcelerator/titanium/build.properties
[DEBUG] from JAR C:\Users\bill gates\AppData\Roaming\Titanium\mobilesdk\win32\2.0.1.GA2\android\titanium.jar => org/appcelerator/titanium/res/drawable/background.png
[DEBUG] from JAR C:\Users\bill gates\AppData\Roaming\Titanium\mobilesdk\win32\2.0.1.GA2\android\titanium.jar => org/appcelerator/titanium/res/drawable/btn_check_buttonless_on.png
[DEBUG] from JAR C:\Users\bill gates\AppData\Roaming\Titanium\mobilesdk\win32\2.0.1.GA2\android\titanium.jar => org/appcelerator/titanium/res/drawable/btn_check_buttonless_on_18.png
[DEBUG] from JAR C:\Users\bill gates\AppData\Roaming\Titanium\mobilesdk\win32\2.0.1.GA2\android\titanium.jar => org/appcelerator/titanium/res/drawable/btn_check_buttonless_on_48.png
[DEBUG] from JAR C:\Users\bill gates\AppData\Roaming\Titanium\mobilesdk\win32\2.0.1.GA2\android\titanium.jar => org/appcelerator/titanium/res/drawable/btn_more.png
[DEBUG] from JAR C:\Users\bill gates\AppData\Roaming\Titanium\mobilesdk\win32\2.0.1.GA2\android\titanium.jar => org/appcelerator/titanium/res/drawable/btn_more_18.png
[DEBUG] from JAR C:\Users\bill gates\AppData\Roaming\Titanium\mobilesdk\win32\2.0.1.GA2\android\titanium.jar => org/appcelerator/titanium/res/drawable/btn_more_48.png
[DEBUG] from JAR C:\Users\bill gates\AppData\Roaming\Titanium\mobilesdk\win32\2.0.1.GA2\android\titanium.jar => org/appcelerator/titanium/res/drawable/btn_picker_normal.9.png
[DEBUG] from JAR C:\Users\bill gates\AppData\Roaming\Titanium\mobilesdk\win32\2.0.1.GA2\android\titanium.jar => org/appcelerator/titanium/res/drawable/btn_picker_pressed.9.png
[DEBUG] from JAR C:\Users\bill gates\AppData\Roaming\Titanium\mobilesdk\win32\2.0.1.GA2\android\titanium.jar => org/appcelerator/titanium/res/drawable/btn_picker_selected.9.png
[DEBUG] from JAR C:\Users\bill gates\AppData\Roaming\Titanium\mobilesdk\win32\2.0.1.GA2\android\titanium.jar => org/appcelerator/titanium/res/drawable/default_icon.png
[DEBUG] from JAR C:\Users\bill gates\AppData\Roaming\Titanium\mobilesdk\win32\2.0.1.GA2\android\titanium.jar => org/appcelerator/titanium/res/drawable/photoDefault.png
[DEBUG] from JAR C:\Users\bill gates\AppData\Roaming\Titanium\mobilesdk\win32\2.0.1.GA2\android\modules\titanium-ui.jar => ti/modules/titanium/ui/widget/webview/binding.js
[DEBUG] from JAR C:\Users\bill gates\AppData\Roaming\Titanium\mobilesdk\win32\2.0.1.GA2\android\modules\titanium-ui.jar => ti/modules/titanium/ui/widget/webview/binding.min.js
[DEBUG] from JAR C:\Users\bill gates\AppData\Roaming\Titanium\mobilesdk\win32\2.0.1.GA2\android\modules\titanium-ui.jar => ti/modules/titanium/ui/widget/webview/json2.js
[DEBUG] installing native lib: C:\Users\bill gates\AppData\Roaming\Titanium\modules\android\ti.cloudpush\2.0.1\libs\armeabi\libti.cloudpush.so
[DEBUG] installing native lib: C:\Users\bill gates\AppData\Roaming\Titanium\modules\android\ti.cloudpush\2.0.1\libs\armeabi-v7a\libti.cloudpush.so
[DEBUG] installing native SDK libs
[DEBUG] Waiting for device to be ready ...
[TRACE] adb devices returned 1 devices/emulators
[DEBUG] Device connected... (waited 0 seconds)
[DEBUG] waited 0.021000 seconds on emulator to get ready
[INFO] Installing application on emulator
[INFO] Launching application ... SandBoxApp
[TRACE] Launch output: Starting: Intent { act=android.intent.action.MAIN cat=[android.intent.category.LAUNCHER] cmp=org.box/.SandboxappActivity }

[INFO] Deployed SandBoxApp ... Application should be running.
